#-----------------------------------------------------------
# Vivado v2019.1 (64-bit)
# SW Build 2552052 on Fri May 24 14:49:42 MDT 2019
# IP Build 2548770 on Fri May 24 18:01:18 MDT 2019
# Start of session at: Mon Oct 28 11:09:14 2019
# Process ID: 13108
# Current directory: E:/EE478 LAB5/project
# Command line: vivado.exe -gui_launcher_event rodinguilauncherevent3892 E:\EE478 LAB5\project\LAB5.xpr
# Log file: E:/EE478 LAB5/project/vivado.log
# Journal file: E:/EE478 LAB5/project\vivado.jou
#-----------------------------------------------------------
start_gui
open_project {E:/EE478 LAB5/project/LAB5.xpr}
Scanning sources...
Finished scanning sources
INFO: [IP_Flow 19-234] Refreshing IP repositories
INFO: [IP_Flow 19-1704] No user IP repositories specified
INFO: [IP_Flow 19-2313] Loaded Vivado IP repository 'C:/Xilinx/Vivado/2019.1/data/ip'.
open_project: Time (s): cpu = 00:00:15 ; elapsed = 00:00:05 . Memory (MB): peak = 755.773 ; gain = 97.402
update_compile_order -fileset sources_1
