
****** Vivado(TM) HLS - High-Level Synthesis from C, C++ and SystemC v2019.1 (64-bit)
  **** SW Build 2552052 on Fri May 24 14:49:42 MDT 2019
  **** IP Build 2548770 on Fri May 24 18:01:18 MDT 2019
    ** Copyright 1986-2019 Xilinx, Inc. All Rights Reserved.

source D:/schoolsoftware/Vivado/2019.1/scripts/vivado_hls/hls.tcl -notrace
INFO: [HLS 200-10] Running 'D:/schoolsoftware/Vivado/2019.1/bin/unwrapped/win64.o/vivado_hls.exe'
INFO: [HLS 200-10] For user 'Chen' on host 'desktop-blrkv0p' (Windows NT_amd64 version 6.2) on Sun Oct 13 22:04:33 -0400 2019
INFO: [HLS 200-10] In directory 'F:/EE478 LAB4/LAB4'
Sourcing Tcl script 'F:EE478'
F:EE478 can't be opened.
couldn't read file "F:EE478": no such file or directory
    while executing
"source F:EE478"
    invoked from within
"hls::main F:\EE478 LAB4\LAB4\LAB4.xpr"
    ("uplevel" body line 1)
    invoked from within
"uplevel 1 hls::main {*}$args"
    (procedure "hls_proc" line 5)
    invoked from within
"hls_proc $argv"
INFO: [Common 17-206] Exiting vivado_hls at Sun Oct 13 22:04:34 2019...
