#-----------------------------------------------------------
# Vivado v2019.1 (64-bit)
# SW Build 2552052 on Fri May 24 14:49:42 MDT 2019
# IP Build 2548770 on Fri May 24 18:01:18 MDT 2019
# Start of session at: Mon Oct 28 10:29:17 2019
# Process ID: 8808
# Current directory: E:/EE478 LAB4/LAB4
# Command line: vivado.exe -gui_launcher_event rodinguilauncherevent10424 E:\EE478 LAB4\LAB4\LAB4.xpr
# Log file: E:/EE478 LAB4/LAB4/vivado.log
# Journal file: E:/EE478 LAB4/LAB4\vivado.jou
#-----------------------------------------------------------
start_gui
open_project {E:/EE478 LAB4/LAB4/LAB4.xpr}
Scanning sources...
Finished scanning sources
INFO: [IP_Flow 19-234] Refreshing IP repositories
INFO: [IP_Flow 19-1704] No user IP repositories specified
INFO: [IP_Flow 19-2313] Loaded Vivado IP repository 'C:/Xilinx/Vivado/2019.1/data/ip'.
WARNING: [IP_Flow 19-2162] IP 'mclk_gen' is locked:
* Current project part 'xc7z010clg400-1' and the part 'xc7z020clg400-1' used to customize the IP 'mclk_gen' do not match.
open_project: Time (s): cpu = 00:00:14 ; elapsed = 00:00:05 . Memory (MB): peak = 974.773 ; gain = 105.746
update_compile_order -fileset sources_1
exit
INFO: [Common 17-206] Exiting Vivado at Mon Oct 28 11:09:03 2019...
