#-----------------------------------------------------------
# Vivado v2019.1 (64-bit)
# SW Build 2552052 on Fri May 24 14:49:42 MDT 2019
# IP Build 2548770 on Fri May 24 18:01:18 MDT 2019
# Start of session at: Thu Oct 10 15:33:54 2019
# Process ID: 15504
# Current directory: F:/EE478 LAB2
# Command line: vivado.exe -gui_launcher_event rodinguilauncherevent10668 F:\EE478 LAB2\project_1.xpr
# Log file: F:/EE478 LAB2/vivado.log
# Journal file: F:/EE478 LAB2\vivado.jou
#-----------------------------------------------------------
start_gui
open_project {F:/EE478 LAB2/project_1.xpr}
Scanning sources...
Finished scanning sources
INFO: [IP_Flow 19-234] Refreshing IP repositories
INFO: [IP_Flow 19-1704] No user IP repositories specified
INFO: [IP_Flow 19-2313] Loaded Vivado IP repository 'D:/schoolsoftware/Vivado/2019.1/data/ip'.
update_compile_order -fileset sources_1
exit
INFO: [Common 17-206] Exiting Vivado at Thu Oct 10 15:36:03 2019...
