#-----------------------------------------------------------
# Vivado v2019.1 (64-bit)
# SW Build 2552052 on Fri May 24 14:49:42 MDT 2019
# IP Build 2548770 on Fri May 24 18:01:18 MDT 2019
# Start of session at: Mon Oct  7 09:44:21 2019
# Process ID: 10884
# Current directory: E:/EE478 LAB2
# Command line: vivado.exe -gui_launcher_event rodinguilauncherevent15212 E:\EE478 LAB2\project_1.xpr
# Log file: E:/EE478 LAB2/vivado.log
# Journal file: E:/EE478 LAB2\vivado.jou
#-----------------------------------------------------------
start_gui
open_project {E:/EE478 LAB2/project_1.xpr}
INFO: [Project 1-313] Project file moved from 'F:/EE478 LAB2' since last save.
Scanning sources...
Finished scanning sources
INFO: [IP_Flow 19-234] Refreshing IP repositories
INFO: [IP_Flow 19-1704] No user IP repositories specified
INFO: [IP_Flow 19-2313] Loaded Vivado IP repository 'C:/Xilinx/Vivado/2019.1/data/ip'.
update_compile_order -fileset sources_1
exit
INFO: [Common 17-206] Exiting Vivado at Mon Oct  7 10:23:02 2019...
