#-----------------------------------------------------------
# Vivado v2019.1 (64-bit)
# SW Build 2552052 on Fri May 24 14:49:42 MDT 2019
# IP Build 2548770 on Fri May 24 18:01:18 MDT 2019
# Start of session at: Mon Oct 14 10:53:45 2019
# Process ID: 1040
# Current directory: E:/EE478 LAB3
# Command line: vivado.exe -gui_launcher_event rodinguilauncherevent2392 E:\EE478 LAB3\lab3.xpr
# Log file: E:/EE478 LAB3/vivado.log
# Journal file: E:/EE478 LAB3\vivado.jou
#-----------------------------------------------------------
start_gui
open_project {E:/EE478 LAB3/lab3.xpr}
Scanning sources...
Finished scanning sources
INFO: [IP_Flow 19-234] Refreshing IP repositories
INFO: [IP_Flow 19-1704] No user IP repositories specified
INFO: [IP_Flow 19-2313] Loaded Vivado IP repository 'C:/Xilinx/Vivado/2019.1/data/ip'.
update_compile_order -fileset sources_1
exit
INFO: [Common 17-206] Exiting Vivado at Mon Oct 14 10:55:42 2019...
